[    0.000000] Initializing cgroup subsys cpuset
[    0.000000] Initializing cgroup subsys cpu
[    0.000000] Initializing cgroup subsys cpuacct
[    0.000000] Linux version 4.4.0-210-generic (buildd@lgw01-amd64-009) (gcc version 5.4.0 20160609 (Ubuntu 5.4.0-6ubuntu1~16.04.12) ) #242-Ubuntu SMP Fri Apr 16 09:57:56 UTC 2021 (Ubuntu 4.4.0-210.242-generic 4.4.262)
[    0.000000] Command line: BOOT_IMAGE=/boot/vmlinuz-4.4.0-210-generic root=LABEL=cloudimg-rootfs ro console=tty1 console=ttyS0
[    0.000000] KERNEL supported cpus:
[    0.000000]   Intel GenuineIntel
[    0.000000]   AMD AuthenticAMD
[    0.000000]   Centaur CentaurHauls
[    0.000000] x86/fpu: xstate_offset[2]:  576, xstate_sizes[2]:  256
[    0.000000] x86/fpu: Supporting XSAVE feature 0x01: 'x87 floating point registers'
[    0.000000] x86/fpu: Supporting XSAVE feature 0x02: 'SSE registers'
[    0.000000] x86/fpu: Supporting XSAVE feature 0x04: 'AVX registers'
[    0.000000] x86/fpu: Enabled xstate features 0x7, context size is 832 bytes, using 'standard' format.
[    0.000000] e820: BIOS-provided physical RAM map:
[    0.000000] BIOS-e820: [mem 0x0000000000000000-0x000000000009fbff] usable
[    0.000000] BIOS-e820: [mem 0x000000000009fc00-0x000000000009ffff] reserved
[    0.000000] BIOS-e820: [mem 0x00000000000f0000-0x00000000000fffff] reserved
[    0.000000] BIOS-e820: [mem 0x0000000000100000-0x000000003ffeffff] usable
[    0.000000] BIOS-e820: [mem 0x000000003fff0000-0x000000003fffffff] ACPI data
[    0.000000] BIOS-e820: [mem 0x00000000fec00000-0x00000000fec00fff] reserved
[    0.000000] BIOS-e820: [mem 0x00000000fee00000-0x00000000fee00fff] reserved
[    0.000000] BIOS-e820: [mem 0x00000000fffc0000-0x00000000ffffffff] reserved
[    0.000000] NX (Execute Disable) protection: active
[    0.000000] SMBIOS 2.5 present.
[    0.000000] Hypervisor detected: KVM
[    0.000000] Kernel/User page tables isolation: disabled
[    0.000000] e820: last_pfn = 0x3fff0 max_arch_pfn = 0x400000000
[    0.000000] MTRR: Disabled
[    0.000000] x86/PAT: MTRRs disabled, skipping PAT initialization too.
[    0.000000] CPU MTRRs all blank - virtualized system.
[    0.000000] x86/PAT: Configuration [0-7]: WB  WT  UC- UC  WB  WT  UC- UC  
[    0.000000] found SMP MP-table at [mem 0x0009fff0-0x0009ffff] mapped at [ffff88000009fff0]
[    0.000000] Scanning 1 areas for low memory corruption
[    0.000000] RAMDISK: [mem 0x362dc000-0x37165fff]
[    0.000000] ACPI: Early table checksum verification disabled
[    0.000000] ACPI: RSDP 0x00000000000E0000 000024 (v02 VBOX  )
[    0.000000] ACPI: XSDT 0x000000003FFF0030 00003C (v01 VBOX   VBOXXSDT 00000001 ASL  00000061)
[    0.000000] ACPI: FACP 0x000000003FFF00F0 0000F4 (v04 VBOX   VBOXFACP 00000001 ASL  00000061)
[    0.000000] ACPI: DSDT 0x000000003FFF0610 002353 (v02 VBOX   VBOXBIOS 00000002 INTL 20100528)
[    0.000000] ACPI: FACS 0x000000003FFF0200 000040
[    0.000000] ACPI: FACS 0x000000003FFF0200 000040
[    0.000000] ACPI: APIC 0x000000003FFF0240 00005C (v02 VBOX   VBOXAPIC 00000001 ASL  00000061)
[    0.000000] ACPI: SSDT 0x000000003FFF02A0 00036C (v01 VBOX   VBOXCPUT 00000002 INTL 20100528)
[    0.000000] No NUMA configuration found
[    0.000000] Faking a node at [mem 0x0000000000000000-0x000000003ffeffff]
[    0.000000] NODE_DATA(0) allocated [mem 0x3ffeb000-0x3ffeffff]
[    0.000000] kvm-clock: Using msrs 4b564d01 and 4b564d00
[    0.000000] kvm-clock: cpu 0, msr 0:3ffe3001, primary cpu clock
[    0.000000] kvm-clock: using sched offset of 3136287812 cycles
[    0.000000] clocksource: kvm-clock: mask: 0xffffffffffffffff max_cycles: 0x1cd42e4dffb, max_idle_ns: 881590591483 ns
[    0.000000] Zone ranges:
[    0.000000]   DMA      [mem 0x0000000000001000-0x0000000000ffffff]
[    0.000000]   DMA32    [mem 0x0000000001000000-0x000000003ffeffff]
[    0.000000]   Normal   empty
[    0.000000]   Device   empty
[    0.000000] Movable zone start for each node
[    0.000000] Early memory node ranges
[    0.000000]   node   0: [mem 0x0000000000001000-0x000000000009efff]
[    0.000000]   node   0: [mem 0x0000000000100000-0x000000003ffeffff]
[    0.000000] Initmem setup node 0 [mem 0x0000000000001000-0x000000003ffeffff]
[    0.000000] ACPI: PM-Timer IO Port: 0x4008
[    0.000000] IOAPIC[0]: apic_id 2, version 32, address 0xfec00000, GSI 0-23
[    0.000000] ACPI: INT_SRC_OVR (bus 0 bus_irq 0 global_irq 2 dfl dfl)
[    0.000000] ACPI: INT_SRC_OVR (bus 0 bus_irq 9 global_irq 9 low level)
[    0.000000] Using ACPI (MADT) for SMP configuration information
[    0.000000] smpboot: Allowing 2 CPUs, 0 hotplug CPUs
[    0.000000] PM: Registered nosave memory: [mem 0x00000000-0x00000fff]
[    0.000000] PM: Registered nosave memory: [mem 0x0009f000-0x0009ffff]
[    0.000000] PM: Registered nosave memory: [mem 0x000a0000-0x000effff]
[    0.000000] PM: Registered nosave memory: [mem 0x000f0000-0x000fffff]
[    0.000000] e820: [mem 0x40000000-0xfebfffff] available for PCI devices
[    0.000000] Booting paravirtualized kernel on KVM
[    0.000000] clocksource: refined-jiffies: mask: 0xffffffff max_cycles: 0xffffffff, max_idle_ns: 7645519600211568 ns
[    0.000000] setup_percpu: NR_CPUS:512 nr_cpumask_bits:512 nr_cpu_ids:2 nr_node_ids:1
[    0.000000] PERCPU: Embedded 33 pages/cpu @ffff88003fc00000 s95192 r8192 d31784 u1048576
[    0.000000] Built 1 zonelists in Node order, mobility grouping on.  Total pages: 257912
[    0.000000] Policy zone: DMA32
[    0.000000] Kernel command line: BOOT_IMAGE=/boot/vmlinuz-4.4.0-210-generic root=LABEL=cloudimg-rootfs ro console=tty1 console=ttyS0
[    0.000000] PID hash table entries: 4096 (order: 3, 32768 bytes)
[    0.000000] Memory: 997792K/1048120K available (8644K kernel code, 1332K rwdata, 4044K rodata, 1492K init, 1164K bss, 50328K reserved, 0K cma-reserved)
[    0.000000] SLUB: HWalign=64, Order=0-3, MinObjects=0, CPUs=2, Nodes=1
[    0.000000] Hierarchical RCU implementation.
[    0.000000] 	Build-time adjustment of leaf fanout to 64.
[    0.000000] 	RCU restricting CPUs from NR_CPUS=512 to nr_cpu_ids=2.
[    0.000000] RCU: Adjusting geometry for rcu_fanout_leaf=64, nr_cpu_ids=2
[    0.000000] NR_IRQS:33024 nr_irqs:440 16
[    0.000000] Console: colour VGA+ 80x25
[    0.000000] console [tty1] enabled
[    0.000000] console [ttyS0] enabled
[    0.000000] tsc: Detected 2419.200 MHz processor
[    0.148742] Calibrating delay loop (skipped) preset value.. 4838.40 BogoMIPS (lpj=9676800)
[    0.150339] pid_max: default: 32768 minimum: 301
[    0.151101] ACPI: Core revision 20150930
[    0.152564] ACPI: 2 ACPI AML tables successfully acquired and loaded
[    0.153569] Security Framework initialized
[    0.154231] Yama: becoming mindful.
[    0.154941] AppArmor: AppArmor initialized
[    0.155664] Dentry cache hash table entries: 131072 (order: 8, 1048576 bytes)
[    0.156817] Inode-cache hash table entries: 65536 (order: 7, 524288 bytes)
[    0.160726] Mount-cache hash table entries: 2048 (order: 2, 16384 bytes)
[    0.161678] Mountpoint-cache hash table entries: 2048 (order: 2, 16384 bytes)
[    0.162787] Initializing cgroup subsys io
[    0.163362] Initializing cgroup subsys memory
[    0.164191] Initializing cgroup subsys devices
[    0.164880] Initializing cgroup subsys freezer
[    0.165563] Initializing cgroup subsys net_cls
[    0.166263] Initializing cgroup subsys perf_event
[    0.167006] Initializing cgroup subsys net_prio
[    0.167734] Initializing cgroup subsys hugetlb
[    0.168681] Initializing cgroup subsys pids
[    0.173872] mce: CPU supports 0 MCE banks
[    0.174575] Last level iTLB entries: 4KB 0, 2MB 0, 4MB 0
[    0.175372] Last level dTLB entries: 4KB 0, 2MB 0, 4MB 0, 1GB 0
[    0.176524] Spectre V1 : Mitigation: usercopy/swapgs barriers and __user pointer sanitization
[    0.177775] Spectre V2 : Mitigation: Full generic retpoline
[    0.178590] Spectre V2 : Spectre v2 / SpectreRSB mitigation: Filling RSB on context switch
[    0.179857] Speculative Store Bypass: Vulnerable
[    0.182859] Freeing SMP alternatives memory: 36K
[    0.188787] ftrace: allocating 32380 entries in 127 pages
[    0.247324] smpboot: APIC(0) Converting physical 0 to logical package 0
[    0.248715] smpboot: Max logical packages: 1
[    0.249916] x2apic enabled
[    0.250723] Switched APIC routing to physical x2apic.
[    0.252580] ..TIMER: vector=0x30 apic1=0 pin1=2 apic2=-1 pin2=-1
[    0.361814] smpboot: CPU0: 11th Gen Intel(R) Core(TM) i5-1135G7 @ 2.40GHz (family: 0x6, model: 0x8c, stepping: 0x1)
[    0.364534] Performance Events: unsupported p6 CPU model 140 no PMU driver, software events only.
[    0.385462] KVM setup paravirtual spinlock
[    0.389026] x86: Booting SMP configuration:
[    0.390558] .... node  #0, CPUs:      #1
[    0.391624] kvm-clock: cpu 1, msr 0:3ffe3041, secondary cpu clock
[    0.396651] mce: CPU supports 0 MCE banks
[    0.399052] x86: Booted up 1 node, 2 CPUs
[    0.399967] smpboot: Total of 2 processors activated (9676.80 BogoMIPS)
[    0.401255] devtmpfs: initialized
[    0.402970] evm: security.selinux
[    0.403747] evm: security.SMACK64
[    0.404362] evm: security.SMACK64EXEC
[    0.405172] evm: security.SMACK64TRANSMUTE
[    0.405889] evm: security.SMACK64MMAP
[    0.406866] evm: security.ima
[    0.407361] evm: security.capability
[    0.408208] clocksource: jiffies: mask: 0xffffffff max_cycles: 0xffffffff, max_idle_ns: 7645041785100000 ns
[    0.409743] futex hash table entries: 512 (order: 3, 32768 bytes)
[    0.410635] pinctrl core: initialized pinctrl subsystem
[    0.411390] RTC time: 10:44:54, date: 05/20/24
[    0.415257] NET: Registered protocol family 16
[    0.427184] cpuidle: using governor ladder
[    0.438830] cpuidle: using governor menu
[    0.440480] PCCT header not found.
[    0.441241] ACPI: bus type PCI registered
[    0.441790] acpiphp: ACPI Hot Plug PCI Controller Driver version: 0.5
[    0.443218] PCI: Using configuration type 1 for base access
[    0.460401] ACPI: Added _OSI(Module Device)
[    0.462092] ACPI: Added _OSI(Processor Device)
[    0.463818] ACPI: Added _OSI(3.0 _SCP Extensions)
[    0.465327] ACPI: Added _OSI(Processor Aggregator Device)
[    0.468374] ACPI: Executed 1 blocks of module-level executable AML code
[    0.472981] ACPI: Interpreter enabled
[    0.474108] ACPI: (supports S0 S5)
[    0.474844] ACPI: Using IOAPIC for interrupt routing
[    0.475691] PCI: Using host bridge windows from ACPI; if necessary, use "pci=nocrs" and report a bug
[    0.481126] ACPI: PCI Root Bridge [PCI0] (domain 0000 [bus 00-ff])
[    0.482159] acpi PNP0A03:00: _OSC: OS supports [ASPM ClockPM Segments MSI]
[    0.483600] acpi PNP0A03:00: _OSC: not requesting OS control; OS requires [ExtendedConfig ASPM ClockPM MSI]
[    0.485035] acpi PNP0A03:00: fail to add MMCONFIG information, can't access extended PCI configuration space under this bridge.
[    0.486882] PCI host bridge to bus 0000:00
[    0.487552] pci_bus 0000:00: root bus resource [io  0x0000-0x0cf7 window]
[    0.488521] pci_bus 0000:00: root bus resource [io  0x0d00-0xffff window]
[    0.489570] pci_bus 0000:00: root bus resource [mem 0x000a0000-0x000bffff window]
[    0.490755] pci_bus 0000:00: root bus resource [mem 0x40000000-0xfdffffff window]
[    0.491956] pci_bus 0000:00: root bus resource [bus 00-ff]
[    0.494049] pci 0000:00:01.1: legacy IDE quirk: reg 0x10: [io  0x01f0-0x01f7]
[    0.495034] pci 0000:00:01.1: legacy IDE quirk: reg 0x14: [io  0x03f6]
[    0.495973] pci 0000:00:01.1: legacy IDE quirk: reg 0x18: [io  0x0170-0x0177]
[    0.497434] pci 0000:00:01.1: legacy IDE quirk: reg 0x1c: [io  0x0376]
[    0.508841] pci 0000:00:07.0: quirk: [io  0x4000-0x403f] claimed by PIIX4 ACPI
[    0.517428] pci 0000:00:07.0: quirk: [io  0x4100-0x410f] claimed by PIIX4 SMB
[    0.525032] ACPI: PCI Interrupt Link [LNKA] (IRQs 5 9 10 *11)
[    0.528201] ACPI: PCI Interrupt Link [LNKB] (IRQs 5 9 *10 11)
[    0.530369] ACPI: PCI Interrupt Link [LNKC] (IRQs 5 *9 10 11)
[    0.532609] ACPI: PCI Interrupt Link [LNKD] (IRQs 5 9 10 *11)
[    0.534709] ACPI: Enabled 2 GPEs in block 00 to 07
[    0.536687] vgaarb: setting as boot device: PCI:0000:00:02.0
[    0.538050] vgaarb: device added: PCI:0000:00:02.0,decodes=io+mem,owns=io+mem,locks=none
[    0.539954] vgaarb: loaded
[    0.540875] vgaarb: bridge control possible 0000:00:02.0
[    0.542602] SCSI subsystem initialized
[    0.544070] ACPI: bus type USB registered
[    0.545021] usbcore: registered new interface driver usbfs
[    0.546107] usbcore: registered new interface driver hub
[    0.547517] usbcore: registered new device driver usb
[    0.549381] PCI: Using ACPI for IRQ routing
[    0.551130] NetLabel: Initializing
[    0.551990] NetLabel:  domain hash size = 128
[    0.552982] NetLabel:  protocols = UNLABELED CIPSOv4
[    0.553845] NetLabel:  unlabeled traffic allowed by default
[    0.554911] amd_nb: Cannot enumerate AMD northbridges
[    0.555609] clocksource: Switched to clocksource kvm-clock
[    0.566616] AppArmor: AppArmor Filesystem Enabled
[    0.567450] pnp: PnP ACPI init
[    0.568666] pnp: PnP ACPI: found 3 devices
[    0.576878] clocksource: acpi_pm: mask: 0xffffff max_cycles: 0xffffff, max_idle_ns: 2085701024 ns
[    0.578883] NET: Registered protocol family 2
[    0.579733] TCP established hash table entries: 8192 (order: 4, 65536 bytes)
[    0.580586] TCP bind hash table entries: 8192 (order: 5, 131072 bytes)
[    0.581473] TCP: Hash tables configured (established 8192 bind 8192)
[    0.582400] UDP hash table entries: 512 (order: 2, 16384 bytes)
[    0.583249] UDP-Lite hash table entries: 512 (order: 2, 16384 bytes)
[    0.584313] NET: Registered protocol family 1
[    0.585089] pci 0000:00:00.0: Limiting direct PCI/PCI transfers
[    0.585966] pci 0000:00:01.0: Activating ISA DMA hang workarounds
[    0.589788] Unpacking initramfs...
[    0.895922] Freeing initrd memory: 14888K
[    0.896803] clocksource: tsc: mask: 0xffffffffffffffff max_cycles: 0x22df1149949, max_idle_ns: 440795312789 ns
[    0.898590] platform rtc_cmos: registered platform RTC device (no PNP device found)
[    0.900002] Scanning for low memory corruption every 60 seconds
[    0.901252] audit: initializing netlink subsys (disabled)
[    0.902062] audit: type=2000 audit(1716201899.973:1): initialized
[    0.903136] Initialise system trusted keyring
[    0.904122] HugeTLB registered 2 MB page size, pre-allocated 0 pages
[    0.905865] zbud: loaded
[    0.906666] VFS: Disk quotas dquot_6.6.0
[    0.907267] VFS: Dquot-cache hash table entries: 512 (order 0, 4096 bytes)
[    0.908412] squashfs: version 4.0 (2009/01/31) Phillip Lougher
[    0.912183] fuse init (API version 7.23)
[    0.912952] Key type big_key registered
[    0.913558] Allocating IMA MOK and blacklist keyrings.
[    0.914906] Key type asymmetric registered
[    0.915554] Asymmetric key parser 'x509' registered
[    0.916341] Block layer SCSI generic (bsg) driver version 0.4 loaded (major 249)
[    0.917548] io scheduler noop registered
[    0.918167] io scheduler deadline registered (default)
[    0.918953] io scheduler cfq registered
[    0.919670] pci_hotplug: PCI Hot Plug PCI Core version: 0.5
[    0.920530] pciehp: PCI Express Hot Plug Controller Driver version: 0.4
[    0.921437] ACPI: AC Adapter [AC] (on-line)
[    0.922124] input: Power Button as /devices/LNXSYSTM:00/LNXPWRBN:00/input/input0
[    0.923305] ACPI: Power Button [PWRF]
[    0.923989] input: Sleep Button as /devices/LNXSYSTM:00/LNXSLPBN:00/input/input1
[    0.925049] ACPI: Sleep Button [SLPF]
[    0.926408] ACPI: Battery Slot [BAT0] (battery present)
[    0.927205] GHES: HEST is not enabled!
[    0.927896] Serial: 8250/16550 driver, 32 ports, IRQ sharing enabled
[    0.949268] 00:02: ttyS0 at I/O 0x3f8 (irq = 4, base_baud = 115200) is a 16550A
[    0.953170] Linux agpgart interface v0.103
[    0.955047] loop: module loaded
[    0.956172] scsi host0: ata_piix
[    0.957172] scsi host1: ata_piix
[    0.958071] ata1: PATA max UDMA/33 cmd 0x1f0 ctl 0x3f6 bmdma 0xd000 irq 14
[    0.959502] ata2: PATA max UDMA/33 cmd 0x170 ctl 0x376 bmdma 0xd008 irq 15
[    0.960823] libphy: Fixed MDIO Bus: probed
[    0.961555] tun: Universal TUN/TAP device driver, 1.6
[    0.962369] tun: (C) 1999-2004 Max Krasnyansky <maxk@qualcomm.com>
[    0.963319] PPP generic driver version 2.4.2
[    0.963984] ehci_hcd: USB 2.0 'Enhanced' Host Controller (EHCI) Driver
[    0.964817] ehci-pci: EHCI PCI platform driver
[    0.965524] ehci-platform: EHCI generic platform driver
[    0.966315] ohci_hcd: USB 1.1 'Open' Host Controller (OHCI) Driver
[    0.967255] ohci-pci: OHCI PCI platform driver
[    0.967994] ohci-platform: OHCI generic platform driver
[    0.968758] uhci_hcd: USB Universal Host Controller Interface driver
[    0.969710] i8042: PNP: PS/2 Controller [PNP0303:PS2K,PNP0f03:PS2M] at 0x60,0x64 irq 1,12
[    0.971349] serio: i8042 KBD port at 0x60,0x64 irq 1
[    0.972160] serio: i8042 AUX port at 0x60,0x64 irq 12
[    0.973089] mousedev: PS/2 mouse device common for all mice
[    0.974184] input: AT Translated Set 2 keyboard as /devices/platform/i8042/serio0/input/input2
[    0.975660] rtc_cmos rtc_cmos: rtc core: registered rtc_cmos as rtc0
[    0.976668] rtc_cmos rtc_cmos: alarms up to one day, 114 bytes nvram
[    0.977580] i2c /dev entries driver
[    0.978211] device-mapper: uevent: version 1.0.3
[    0.978994] device-mapper: ioctl: 4.34.0-ioctl (2015-10-28) initialised: dm-devel@redhat.com
[    0.980322] ledtrig-cpu: registered to indicate activity on CPUs
[    0.981497] NET: Registered protocol family 10
[    0.982340] NET: Registered protocol family 17
[    0.983053] Key type dns_resolver registered
[    0.984045] registered taskstats version 1
[    0.984712] Loading compiled-in X.509 certificates
[    0.985838] Loaded X.509 cert 'Build time autogenerated kernel key: cf00e047681d67edb2720680708b7d9498083038'
[    0.987299] zswap: loaded using pool lzo/zbud
[    0.989244] Key type trusted registered
[    0.992143] Key type encrypted registered
[    0.992814] AppArmor: AppArmor sha1 policy hashing enabled
[    0.993620] ima: No TPM chip found, activating TPM-bypass!
[    0.994438] ima: Allocated hash algorithm: sha1
[    0.995134] evm: HMAC attrs: 0x1
[    0.996052]   Magic number: 8:241:730
[    0.996735] rtc_cmos rtc_cmos: setting system clock to 2024-05-20 10:44:55 UTC (1716201895)
[    0.998098] BIOS EDD facility v0.16 2004-Jun-25, 0 devices found
[    0.998968] EDD information not available.
[    1.146274] Freeing unused kernel memory: 1492K
[    1.147158] Write protecting the kernel read-only data: 14336k
[    1.148565] Freeing unused kernel memory: 1584K
[    1.149430] Freeing unused kernel memory: 52K
Loading, please wait...
starting version 229
[    1.160343] random: systemd-udevd: uninitialized urandom read (16 bytes read, 3 bits of entropy available)
[    1.160664] random: udevadm: uninitialized urandom read (16 bytes read, 3 bits of entropy available)
[    1.160680] random: udevadm: uninitialized urandom read (16 bytes read, 3 bits of entropy available)
[    1.164621] random: systemd-udevd: uninitialized urandom read (16 bytes read, 3 bits of entropy available)
[    1.166040] random: systemd-udevd: uninitialized urandom read (16 bytes read, 3 bits of entropy available)
[    1.167335] random: systemd-udevd: uninitialized urandom read (16 bytes read, 3 bits of entropy available)
[    1.168266] random: udevadm: uninitialized urandom read (16 bytes read, 3 bits of entropy available)
[    1.168311] random: udevadm: uninitialized urandom read (16 bytes read, 3 bits of entropy available)
[    1.168444] random: udevadm: uninitialized urandom read (16 bytes read, 3 bits of entropy available)
[    1.168497] random: udevadm: uninitialized urandom read (16 bytes read, 3 bits of entropy available)
[    1.206858] e1000: Intel(R) PRO/1000 Network Driver - version 7.3.21-k8-NAPI
[    1.208241] e1000: Copyright (c) 1999-2006 Intel Corporation.
[    1.219574] Fusion MPT base driver 3.04.20
[    1.222763] Copyright (c) 1999-2008 LSI Corporation
[    1.248413] Fusion MPT SPI Host driver 3.04.20
[    1.260741] AVX2 version of gcm_enc/dec engaged.
[    1.261798] AES CTR mode by8 optimization enabled
[    1.440057] input: ImExPS/2 Generic Explorer Mouse as /devices/platform/i8042/serio1/input/input4
[    1.639877] e1000 0000:00:03.0 eth0: (PCI:33MHz:32-bit) 02:be:82:6b:cc:1d
[    1.642883] e1000 0000:00:03.0 eth0: Intel(R) PRO/1000 Network Connection
[    1.647292] mptbase: ioc0: Initiating bringup
[    1.924797] ioc0: LSI53C1030 A0: Capabilities={Initiator}
[    3.648516] scsi host2: ioc0: LSI53C1030 A0, FwRev=00000000h, Ports=1, MaxQ=256, IRQ=20
[    4.412393] scsi 2:0:0:0: Direct-Access     VBOX     HARDDISK         1.0  PQ: 0 ANSI: 5
[    4.415103] scsi target2:0:0: Beginning Domain Validation
[    4.419955] scsi target2:0:0: Domain Validation skipping write tests
[    4.420875] scsi target2:0:0: Ending Domain Validation
[    4.422199] scsi target2:0:0: asynchronous
[    4.424195] scsi 2:0:1:0: Direct-Access     VBOX     HARDDISK         1.0  PQ: 0 ANSI: 5
[    4.426891] scsi target2:0:1: Beginning Domain Validation
[    4.429202] scsi target2:0:1: Domain Validation skipping write tests
[    4.431035] scsi target2:0:1: Ending Domain Validation
[    4.432397] scsi target2:0:1: asynchronous
[    4.440534] sd 2:0:0:0: Attached scsi generic sg0 type 0
[    4.442262] sd 2:0:0:0: [sda] 83886080 512-byte logical blocks: (42.9 GB/40.0 GiB)
[    4.453645] sd 2:0:1:0: [sdb] 20480 512-byte logical blocks: (10.5 MB/10.0 MiB)
[    4.455037] sd 2:0:1:0: Attached scsi generic sg1 type 0
[    4.459742] sd 2:0:0:0: [sda] Write Protect is off
[    4.460729] sd 2:0:1:0: [sdb] Write Protect is off
[    4.461462] sd 2:0:0:0: [sda] Incomplete mode parameter data
[    4.462283] sd 2:0:0:0: [sda] Assuming drive cache: write through
[    4.463347] sd 2:0:1:0: [sdb] Incomplete mode parameter data
[    4.464182] sd 2:0:1:0: [sdb] Assuming drive cache: write through
[    4.467946]  sda: sda1
[    4.469740] sd 2:0:0:0: [sda] Attached SCSI disk
[    4.470630] sd 2:0:1:0: [sdb] Attached SCSI disk
[    4.867548] e1000 0000:00:08.0 eth1: (PCI:33MHz:32-bit) 08:00:27:75:d2:6c
[    4.870532] e1000 0000:00:08.0 eth1: Intel(R) PRO/1000 Network Connection
[    4.874675] e1000 0000:00:08.0 enp0s8: renamed from eth1
[    4.890649] e1000 0000:00:03.0 enp0s3: renamed from eth0
Begin: Loading essential drivers ... [    6.236139] md: linear personality registered for level -1
[    6.239108] md: multipath personality registered for level -4
[    6.242046] md: raid0 personality registered for level 0
[    6.245458] md: raid1 personality registered for level 1
[    6.319704] raid6: sse2x1   gen()  6741 MB/s
[    6.387656] raid6: sse2x1   xor()  9108 MB/s
[    6.455710] raid6: sse2x2   gen() 13828 MB/s
[    6.523718] raid6: sse2x2   xor() 12197 MB/s
[    6.591706] raid6: sse2x4   gen() 12308 MB/s
[    6.659722] raid6: sse2x4   xor()  8612 MB/s
[    6.727693] raid6: avx2x1   gen() 18114 MB/s
[    6.795653] raid6: avx2x2   gen() 22994 MB/s
[    6.863744] raid6: avx2x4   gen() 16765 MB/s
[    6.865819] raid6: using algorithm avx2x2 gen() 22994 MB/s
[    6.867362] raid6: using avx2x2 recovery algorithm
[    6.870807] xor: automatically using best checksumming function:
[    6.911979]    avx       : 12288.000 MB/sec
[    6.915701] async_tx: api initialized (async)
[    6.937449] md: raid6 personality registered for level 6
[    6.940047] md: raid5 personality registered for level 5
[    6.941959] md: raid4 personality registered for level 4
[    6.952566] md: raid10 personality registered for level 10
done.
Begin: Running /scripts/init-premount ... done.
Begin: Mounting root file system ... Begin: Running /scripts/local-top ... done.
Begin: Running /scripts/local-premount ... [    6.998107] Btrfs loaded
Scanning for Btrfs filesystems
done.
Warning: fsck not present, so skipping root file system
[    7.026219] EXT4-fs (sda1): mounted filesystem with ordered data mode. Opts: (null)
done.
Begin: Running /scripts/local-bottom ... done.
Begin: Running /scripts/init-bottom ... done.
[    7.084888] systemd[1]: systemd 229 running in system mode. (+PAM +AUDIT +SELINUX +IMA +APPARMOR +SMACK +SYSVINIT +UTMP +LIBCRYPTSETUP +GCRYPT +GNUTLS +ACL +XZ -LZ4 +SECCOMP +BLKID +ELFUTILS +KMOD -IDN)
[    7.087571] systemd[1]: Detected virtualization oracle.
[    7.088406] systemd[1]: Detected architecture x86-64.

Welcome to [1mUbuntu 16.04.7 LTS[0m!

[    7.090758] systemd[1]: Set hostname to <ubuntu>.
[    7.092413] systemd[1]: Initializing machine ID from random generator.
[    7.093276] systemd[1]: Installed transient /etc/machine-id file.
[    7.173775] systemd[1]: Reached target Swap.
[[0;32m  OK  [0m] Reached target Swap.
[    7.175090] systemd[1]: Listening on udev Kernel Socket.
[[0;32m  OK  [0m] Listening on udev Kernel Socket.
[    7.176348] systemd[1]: Listening on LVM2 metadata daemon socket.
[[0;32m  OK  [0m] Listening on LVM2 metadata daemon socket.
[    7.177641] systemd[1]: Listening on udev Control Socket.
[[0;32m  OK  [0m] Listening on udev Control Socket.
[    7.178833] systemd[1]: Reached target Encrypted Volumes.
[[0;32m  OK  [0m] Reached target Encrypted Volumes.
[    7.180192] systemd[1]: Set up automount Arbitrary Executable File Formats File System Automount Point.
[[0;32m  OK  [0m] Set up automount Arbitrary Executab...ats File System Automount Point.
[    7.182221] systemd[1]: Reached target User and Group Name Lookups.
[[0;32m  OK  [0m] Reached target User and Group Name Lookups.
[    7.187727] systemd[1]: Listening on fsck to fsckd communication Socket.
[[0;32m  OK  [0m] Listening on fsck to fsckd communication Socket.
[    7.189242] systemd[1]: Started Forward Password Requests to Wall Directory Watch.
[[0;32m  OK  [0m] Started Forward Password Requests to Wall Directory Watch.
[    7.190964] systemd[1]: Listening on /dev/initctl Compatibility Named Pipe.
[[0;32m  OK  [0m] Listening on /dev/initctl Compatibility Named Pipe.
[    7.192450] systemd[1]: Reached target System Time Synchronized.
[[0;32m  OK  [0m] Reached target System Time Synchronized.
[    7.193931] systemd[1]: Created slice User and Session Slice.
[[0;32m  OK  [0m] Created slice User and Session Slice.
[    7.195209] systemd[1]: Listening on LVM2 poll daemon socket.
[[0;32m  OK  [0m] Listening on LVM2 poll daemon socket.
[    7.196546] systemd[1]: Listening on Journal Socket (/dev/log).
[[0;32m  OK  [0m] Listening on Journal Socket (/dev/log).
[    7.197914] systemd[1]: Listening on Syslog Socket.
[[0;32m  OK  [0m] Listening on Syslog Socket.
[    7.199021] systemd[1]: Listening on Journal Socket.
[[0;32m  OK  [0m] Listening on Journal Socket.
[    7.200187] systemd[1]: Listening on Device-mapper event daemon FIFOs.
[[0;32m  OK  [0m] Listening on Device-mapper event daemon FIFOs.
[    7.201653] systemd[1]: Listening on Journal Audit Socket.
[[0;32m  OK  [0m] Listening on Journal Audit Socket.
[    7.203002] systemd[1]: Created slice System Slice.
[[0;32m  OK  [0m] Created slice System Slice.
[    7.216468] systemd[1]: Mounting Debug File System...
         Mounting Debug File System...
[    7.218797] systemd[1]: Starting Monitoring of LVM2 mirrors, snapshots etc. using dmeventd or progress polling...
         Starting Monitoring of LVM2 mirrors... dmeventd or progress polling...
[    7.222771] systemd[1]: Starting Nameserver information manager...
         Starting Nameserver information manager...
[    7.226341] systemd[1]: Starting Set console keymap...
         Starting Set console keymap...
[    7.232193] systemd[1]: Starting Journal Service...
         Starting Journal Service...
[    7.234767] systemd[1]: Starting Uncomplicated firewall...
         Starting Uncomplicated firewall...
[    7.241626] systemd[1]: Starting Load Kernel Modules...
         Starting Load Kernel Modules...
[    7.243444] systemd[1]: Reached target Slices.
[[0;32m  OK  [0m] Reached target Slices.
[    7.245658] systemd[1]: Mounting Huge Pages File System...
         Mounting Huge Pages File System...
[    7.248057] systemd[1]: Mounting POSIX Message Queue File System...
         Mounting POSIX Message Queue File System...
[    7.251538] systemd[1]: Created slice system-serial\x2dgetty.slice.
[[0;32m  OK  [0m] Created slice system-serial\x2dgetty.slice.
[    7.254561] systemd[1]: Starting Create list of required static device nodes for the current kernel...
         Starting Create list of required st... nodes for the current kernel...
[    7.259913] systemd[1]: Started Trigger resolvconf update for networkd DNS.
[[0;32m  OK  [0m] Started Trigger resolvconf update for networkd DNS.
[    7.263578] systemd[1]: Starting File System Check on Root Device...
[    7.266861] Loading iSCSI transport class v2.0-870.
         Starting File System Check on Root Device...
[    7.269542] systemd[1]: Mounted Huge Pages File System.
[[0;32m  OK  [0m] Mounted Huge Pages File System.
[    7.271295] systemd[1]: Mounted POSIX Message Queue File System.
[[0;32m  OK  [0m] Mounted POSIX Message Queue File System.
[    7.273160] systemd[1]: Mounted Debug File System.
[[0;32m  OK  [0m] Mounted Debug File System.
[    7.274834] systemd[1]: Started Journal Service.
[[0;32m  OK  [0m] Started Journal Service.
[[0;32m  OK  [0m] Started Uncomplicated firewall.
[[0;32m  OK  [0m] Started Create list of required sta...ce nodes for the current kernel.
[    7.284737] iscsi: registered transport (tcp)
[[0;32m  OK  [0m] Started LVM2 metadata daemon.
[[0;32m  OK  [0m] Started File System Check Daemon to report status.
         Starting Create Static Device Nodes in /dev...
[[0;32m  OK  [0m] Started Nameserver information manager.
[[0;32m  OK  [0m] Started File System Check on Root Device.
         Starting Remount Root and Kernel File Systems...
[[0;32m  OK  [0m] Started Create Static Device Nodes in /dev.
         Starting udev Kernel Device Manager...
[    7.309704] EXT4-fs (sda1): re-mounted. Opts: (null)
[[0;32m  OK  [0m] Started Remount Root and Kernel File Systems.
         Starting udev Coldplug all Devices...
         Starting Flush Journal to Persistent Storage...
         Starting Load/Save Random Seed...
[[0;32m  OK  [0m] Started Load/Save Random Seed.
[    7.331562] systemd-journald[384]: Received request to flush runtime journal from PID 1
[[0;32m  OK  [0m] Started Flush Journal to Persistent Storage.
[[0;32m  OK  [0m] Started udev Kernel Device Manager.
[[0;32m  OK  [0m] Started Set console keymap.
[    7.404883] iscsi: registered transport (iser)
[[0;32m  OK  [0m] Started Load Kernel Modules.
         Mounting FUSE Control File System...
         Starting Apply Kernel Variables...
[[0;32m  OK  [0m] Mounted FUSE Control File System.
[[0;32m  OK  [0m] Started udev Coldplug all Devices.
[[0;32m  OK  [0m] Started Apply Kernel Variables.
[[0;32m  OK  [0m] Started Dispatch Password Requests to Console Directory Watch.
[[0;32m  OK  [0m] Found device /dev/ttyS0.
[[0;32m  OK  [0m] Started Monitoring of LVM2 mirrors,...ng dmeventd or progress polling.
[[0;32m  OK  [0m] Reached target Local File Systems (Pre).
[[0;32m  OK  [0m] Reached target Local File Systems.
         Starting LSB: AppArmor initialization...
         Starting Tell Plymouth To Write Out Runtime Data...
         Starting Set console font and keymap...
         Starting Commit a transient machine-id on disk...
         Starting Create Volatile Files and Directories...
         Starting Initial cloud-init job (pre-networking)...
[[0;32m  OK  [0m] Started Create Volatile Files and Directories.
         Starting Update UTMP about System Boot/Shutdown...
[[0;32m  OK  [0m] Started Tell Plymouth To Write Out Runtime Data.
[[0;32m  OK  [0m] Started Update UTMP about System Boot/Shutdown.
[[0;32m  OK  [0m] Started Commit a transient machine-id on disk.
[[0;32m  OK  [0m] Listening on Load/Save RF Kill Switch Status /dev/rfkill Watch.
[[0;32m  OK  [0m] Started LSB: AppArmor initialization.
[    8.646713]          cloud-initStarting Load AppArmor profiles managed internally by snapd...[552]: 
Cloud-init v. 21.1-19-gbad84ad4-0ubuntu1~16.04.2 running 'init-local' at Mon, 20 May 2024 10:45:02 +0000. Up 8.19 seconds.
[[0;32m  OK  [0m] Started Set console font and keymap.
[[0;32m  OK  [0m] Started Load AppArmor profiles managed internally by snapd.
[[0;32m  OK  [0m] Created slice system-getty.slice.
[[0;32m  OK  [0m] Started Initial cloud-init job (pre-networking).
[[0;32m  OK  [0m] Reached target Network (Pre).
         Starting Raise network interfaces...
[[0;32m  OK  [0m] Started Raise network interfaces.
[[0;32m  OK  [0m] Reached target Network.
         Starting Initial cloud-init job (metadata service crawler)...
[    9.648642] cloud-init[957]: Cloud-init v. 21.1-19-gbad84ad4-0ubuntu1~16.04.2 running 'init' at Mon, 20 May 2024 10:45:03 +0000. Up 9.15 seconds.
[    9.657251] cloud-init[957]: ci-info: ++++++++++++++++++++++++++++++++++++++Net device info+++++++++++++++++++++++++++++++++++++++
[    9.658704] cloud-init[957]: ci-info: +--------+-------+----------------------------+---------------+--------+-------------------+
[    9.659985] cloud-init[957]: ci-info: | Device |   Up  |          Address           |      Mask     | Scope  |     Hw-Address    |
[    9.661718] cloud-init[957]: ci-info: +--------+-------+----------------------------+---------------+--------+-------------------+
[    9.663386] cloud-init[957]: ci-info: | enp0s3 |  True |         10.0.2.15          | 255.255.255.0 | global | 02:be:82:6b:cc:1d |
[    9.672840] cloud-init[957]: ci-info: | enp0s3 |  True | fe80::be:82ff:fe6b:cc1d/64 |       .       |  link  | 02:be:82:6b:cc:1d |
[    9.674643] cloud-init[957]: ci-info: | enp0s8 | False |             .              |       .       |   .    | 08:00:27:75:d2:6c |
[    9.676631] cloud-init[957]: ci-info: |   lo   |  True |         127.0.0.1          |   255.0.0.0   |  host  |         .         |
[    9.678385] cloud-init[957]: ci-info: |   lo   |  True |          ::1/128           |       .       |  host  |         .         |
[    9.680218] cloud-init[957]: ci-info: +--------+-------+----------------------------+---------------+--------+-------------------+
[    9.681806] cloud-init[957]: ci-info: +++++++++++++++++++++++++++Route IPv4 info++++++++++++++++++++++++++++
[    9.689632] cloud-init[957]: ci-info: +-------+-------------+----------+---------------+-----------+-------+
[    9.697438] cloud-init[957]: ci-info: | Route | Destination | Gateway  |    Genmask    | Interface | Flags |
[    9.705220] cloud-init[957]: ci-info: +-------+-------------+----------+---------------+-----------+-------+
[    9.707117] cloud-init[957]: ci-info: |   0   |   0.0.0.0   | 10.0.2.2 |    0.0.0.0    |   enp0s3  |   UG  |
[    9.708084] cloud-init[957]: ci-info: |   1   |   10.0.2.0  | 0.0.0.0  | 255.255.255.0 |   enp0s3  |   U   |
[    9.709167] cloud-init[957]: ci-info: +-------+-------------+----------+---------------+-----------+-------+
[    9.710188] cloud-init[957]: ci-info: +++++++++++++++++++Route IPv6 info+++++++++++++++++++
[    9.711115] cloud-init[957]: ci-info: +-------+-------------+---------+-----------+-------+
[    9.712024] cloud-init[957]: ci-info: | Route | Destination | Gateway | Interface | Flags |
[    9.712899] cloud-init[957]: ci-info: +-------+-------------+---------+-----------+-------+
[    9.713912] cloud-init[957]: ci-info: |   0   |  fe80::/64  |    ::   |   enp0s3  |   U   |
[    9.714838] cloud-init[957]: ci-info: |   3   |   ff00::/8  |    ::   |   enp0s3  |   U   |
[    9.715736] cloud-init[957]: ci-info: +-------+-------------+---------+-----------+-------+
[    9.716696] cloud-init[957]: Generating public/private rsa key pair.
[    9.717374] cloud-init[957]: Your identification has been saved in /etc/ssh/ssh_host_rsa_key.
[    9.719000] cloud-init[957]: Your public key has been saved in /etc/ssh/ssh_host_rsa_key.pub.
[    9.720333] cloud-init[957]: The key fingerprint is:
[    9.721352] cloud-init[957]: SHA256:hLAVlWz/ipxcUq5faIcKpb6H4XD3MMki6Ri6OZkObmw root@ubuntu-xenial
[    9.722734] cloud-init[957]: The key's randomart image is:
[    9.723866] cloud-init[957]: +---[RSA 2048]----+
[    9.724854] cloud-init[957]: |    . o+..       |
[    9.726013] cloud-init[957]: |     + .+        |
[    9.727021] cloud-init[957]: |    . ....       |
[    9.727757] cloud-init[957]: |       .  o      |
[    9.728602] cloud-init[957]: |     . .S+ .     |
[    9.728872] cloud-init[957]: |  . + +oB oo.    |
[    9.729211] cloud-init[957]: |o+ + =oB X+.o    |
[    9.729583] cloud-init[957]: |BE. ..o.Booo     |
[    9.730002] cloud-init[957]: |*=    oo...      |
[    9.730553] cloud-init[957]: +----[SHA256]-----+
[    9.731147] cloud-init[957]: Generating public/private dsa key pair.
[    9.731684] cloud-init[957]: Your identification has been saved in /etc/ssh/ssh_host_dsa_key.
[[    9.731874] [0;32m  OK  [0mcloud-init] [957]: Started Initial cloud-init job (metadata service crawler).Your public key has been saved in /etc/ssh/ssh_host_dsa_key.pub.

[    9.731963] cloud-init[957]: The key fingerprint is:
[    9.734608] cloud-init[957]: SHA256:/JbNBjVFUt8bD5Cj+1Pwj1a6Y4IFYjncKvH5a+Baj/s root@ubuntu-xenial
[    9.734733] cloud-init[957]: The key's randomart image is:
[    9.735055] cloud-init[957]: +---[DSA 1024]----+
[    9.735381] cloud-init[957]: |            o++  |
[    9.735710] cloud-init[957]: |            o+ ..|
[    9.735843] cloud-init[957]: |       . o .o...o|
[    9.735968] cloud-init[957]: |      ..* +... .+|
[    9.736100] cloud-init[957]: |       +S=.o o ..|
[    9.736577] cloud-init[957]: |      . =..=. o .|
[    9.736642] cloud-init[957]: |       o.o+++. = |
[    9.736889] cloud-init[957]: |       ..++.+ * .|
[[0;32m  OK  [0m] Reached target Network is Online.[    9.737226] cloud-init[957]: |      ..o+E. =.o |
[    9.739731] cloud-init[957]: +----[SHA256]-----+
[    9.740220] cloud-init[957]: Generating public/private ecdsa key pair.
[    9.740454] cloud-init[957]: Your identification has been saved in /etc/ssh/ssh_host_ecdsa_key.
[    9.740807] cloud-init[957]: Your public key has been saved in /etc/ssh/ssh_host_ecdsa_key.pub.
[    9.741169] cloud-init[957]: The key fingerprint is:
[    9.741518] cloud-init[957]: SHA256:p9IzF3+73K3JnoRDbpM+DIYUFOym77La5Sy43e5B1kc root@ubuntu-xenial
[    9.741875] cloud-init[957]: The key's randomart image is:
[    9.742238] cloud-init[957]: +---[ECDSA 256]---+
[    9.742588] cloud-init[957]: |       oo.       |
[    9.742943] cloud-init[957]: |        o        |
[    9.743301] cloud-init[957]: |       . .  E    |
[    9.743540] cloud-init[957]: |        +. .     |
[    9.743891] cloud-init[957]: |       +S.+ o    |
[    9.744370] cloud-init[957]: |      .+.oo* o   |
[    9.744718] cloud-init[957]: |     ...B..oO o  |
[    9.745085] cloud-init[957]: |    .oo*.= ooB =.|
[    9.745433] cloud-init[957]: |    oo+BB   .oXoo|
[    9.745787] cloud-init[957]: +----[SHA256]-----+
[    9.746148] cloud-init[957]: Generating public/private ed25519 key pair.
[    9.746503] cloud-init[957]: Your identification has been saved in /etc/ssh/ssh_host_ed25519_key.
[    9.746862] cloud-init[957]: Your public key has been saved in /etc/ssh/ssh_host_ed25519_key.pub.
[    9.747229] cloud-init[957]: The key fingerprint is:
[    9.747581] cloud-init[957]: SHA256:SDxU9kT4hlszMjkk+NPabtPcUsw7YkvhbuFtaMTnwWU root@ubuntu-xenial
[    9.748197] cloud-init[957]: The key's randomart image is:
[    9.748543] cloud-init[957]: +--[ED25519 256]--+
[    9.748908] cloud-init[957]: |     ...ooo      |
[    9.749257] cloud-init[957]: |    .o..oo       |
[    9.749623] cloud-init[957]: |     .++ +.      |

[    9.749899] cloud-init[957]: |     .ooB *   E  |
[    9.754170] cloud-init[957]: |      .+SO.* o   |
[    9.754809] cloud-init[957]: |      . o.+.B    |
[    9.755645] cloud-init[957]: |       . =oO o   |
[    9.756233] cloud-init[957]: |        +o@ B    |
[    9.756799] cloud-init[957]: |       . =o= .   |
[    9.757405] cloud-init[957]: +----[SHA256]-----+
         Starting iSCSI initiator daemon (iscsid)...
[[0;32m  OK  [0m] Reached target System Initialization.
         Starting Socket activation for snappy daemon.
[[0;32m  OK  [0m] Started ACPI Events Check.
[[0;32m  OK  [0m] Reached target Paths.
[[0;32m  OK  [0m] Listening on D-Bus System Message Bus Socket.
[[0;32m  OK  [0m] Started Message of the Day.
[[0;32m  OK  [0m] Started Daily apt download activities.
         Starting LXD - unix socket.
[[0;32m  OK  [0m] Started Ubuntu Advantage update messaging.
[[0;32m  OK  [0m] Started Daily Cleanup of Temporary Directories.
[[0;32m  OK  [0m] Started Daily apt upgrade and clean activities.
[[0;32m  OK  [0m] Reached target Timers.
[[0;32m  OK  [0m] Listening on UUID daemon activation socket.
[[0;32m  OK  [0m] Listening on ACPID Listen Socket.
[[0;32m  OK  [0m] Reached target Cloud-config availability.
[[0;32m  OK  [0m] Listening on Socket activation for snappy daemon.
[[0;32m  OK  [0m] Listening on LXD - unix socket.
[[0;32m  OK  [0m] Reached target Sockets.
[[0;32m  OK  [0m] Reached target Basic System.
         Starting LXD - container startup/shutdown...
         Starting LSB: Record successful boot for GRUB...
         Starting Accounts Service...
[[0;32m  OK  [0m] Started ACPI event daemon.
[[0;32m  OK  [0m] Started D-Bus System Message Bus.
         Starting LSB: MD monitoring daemon...
[[0;32m  OK  [0m] Started FUSE filesystem for LXC.
[[0;32m  OK  [0m] Started Deferred execution scheduler.
         Starting Login Service...
         Starting Pollinate to seed the pseudo random number generator...
         Starting System Logging Service...
         Starting Virtualbox guest utils...
[[0;32m  OK  [0m] Started Regular background program processing daemon.
         Starting /etc/rc.local Compatibility...
         Starting Snap Daemon...
[[0;32m  OK  [0m] Started iSCSI initiator daemon (iscsid).
[[0;32m  OK  [0m] Started LXD - container startup/shutdown.
[[0;32m  OK  [0m] Started /etc/rc.local Compatibility.
[[0;32m  OK  [0m] Started System Logging Service.
         Starting Authenticate and Authorize Users to Run Privileged Tasks...
         Starting Login to default iSCSI targets...
[[0;32m  OK  [0m] Started LSB: Record successful boot for GRUB.
[[0;32m  OK  [0m] Started Login Service.
[[0;32m  OK  [0m] Started Unattended Upgrades Shutdown.
[[0;32m  OK  [0m] Started LSB: MD monitoring daemon.
[[0;32m  OK  [0m] Started Login to default iSCSI targets.
[[0;32m  OK  [0m] Reached target Remote File Systems (Pre).
[[0;32m  OK  [0m] Reached target Remote File Systems.
         Starting LSB: automatic crash report generation...
         Starting LSB: Set the CPU Frequency Scaling governor to "ondemand"...
         Starting LSB: daemon to balance interrupts for SMP systems...
         Starting Permit User Sessions...
[[0;32m  OK  [0m] Started Authenticate and Authorize Users to Run Privileged Tasks.
[[0;32m  OK  [0m] Started Accounts Service.
[[0;32m  OK  [0m] Started Permit User Sessions.
         Starting Terminate Plymouth Boot Screen...
         Starting Hold until boot process finishes up...
[[0;32m  OK  [0m] Started LSB: automatic crash report generation.
[[0;32m  OK  [0m] Started Terminate Plymouth Boot Screen.
[[0;32m  OK  [0m] Started Hold until boot process finishes up.
         Starting Set console scheme...
[[0;32m  OK  [0m] Started Getty on tty1.
[[0;32m  OK  [0m] Started Serial Getty on ttyS0.
[[0;32m  OK  [0m] Reached target Login Prompts.
[[0;32m  OK  [0m] Started LSB: Set the CPU Frequency Scaling governor to "ondemand".
[[0;32m  OK  [0m] Started Set console scheme.
[[0;32m  OK  [0m] Started Virtualbox guest utils.
[[0;32m  OK  [0m] Started LSB: daemon to balance interrupts for SMP systems.
[[0;32m  OK  [0m] Started Snap Daemon.
         Starting Wait until snapd is fully seeded...
[[0;32m  OK  [0m] Started Wait until snapd is fully seeded.
         Starting Apply the settings specified in cloud-config...
[   10.693908] cloud-init[1275]: Generating locales (this might take a while)...
[   11.415891] cloud-init[1275]:   en_US.UTF-8... done
[   11.417495] cloud-init[1275]: Generation complete.
[   11.641065] cloud-init[1275]: Cloud-init v. 21.1-19-gbad84ad4-0ubuntu1~16.04.2 running 'modules:config' at Mon, 20 May 2024 10:45:05 +0000. Up 10.60 seconds.
[[0;32m  OK  [0m] Started Apply the settings specified in cloud-config.

Ubuntu 16.04.7 LTS ubuntu-xenial ttyS0

ubuntu-xenial login: ci-info: no authorized SSH keys fingerprints found for user ubuntu.
<14>May 20 10:45:15 ec2: 
<14>May 20 10:45:15 ec2: #############################################################
<14>May 20 10:45:15 ec2: -----BEGIN SSH HOST KEY FINGERPRINTS-----
<14>May 20 10:45:15 ec2: 1024 SHA256:/JbNBjVFUt8bD5Cj+1Pwj1a6Y4IFYjncKvH5a+Baj/s root@ubuntu-xenial (DSA)
<14>May 20 10:45:15 ec2: 256 SHA256:p9IzF3+73K3JnoRDbpM+DIYUFOym77La5Sy43e5B1kc root@ubuntu-xenial (ECDSA)
<14>May 20 10:45:15 ec2: 256 SHA256:SDxU9kT4hlszMjkk+NPabtPcUsw7YkvhbuFtaMTnwWU root@ubuntu-xenial (ED25519)
<14>May 20 10:45:15 ec2: 2048 SHA256:hLAVlWz/ipxcUq5faIcKpb6H4XD3MMki6Ri6OZkObmw root@ubuntu-xenial (RSA)
<14>May 20 10:45:15 ec2: -----END SSH HOST KEY FINGERPRINTS-----
<14>May 20 10:45:15 ec2: #############################################################
-----BEGIN SSH HOST KEY KEYS-----
ecdsa-sha2-nistp256 AAAAE2VjZHNhLXNoYTItbmlzdHAyNTYAAAAIbmlzdHAyNTYAAABBBBWKxzoDjL9KJwXxAqhmAEpuAS41hG0si+/Zp3GjKbsbmn/5OjdhEXSHhLmPYFSRTRV1CK8uZiYxdjVlEN9mJls= root@ubuntu-xenial
ssh-ed25519 AAAAC3NzaC1lZDI1NTE5AAAAIE2N0/7Fy/83ar8ml1a4fbfSQ/s3v0VS94g1Gq4suoFW root@ubuntu-xenial
ssh-rsa AAAAB3NzaC1yc2EAAAADAQABAAABAQDA+gxHOJam3Xz6XKb3Nl3T+WCuI3qZM/oH60zNh5bJM5acFv/U44uVpTUfOJCvC+FKZvWCLxvXxPJCiGWUO4+iVJrRH1C2HIQGu45RzFtTFshoKXLvC+EC1E//RgpwbJZjqSG24hYsDuR5qX9sNyJx9RdAh9pVbYyoUao9Ho6hSbjZao3tOCinUiudAeSP/a22yE3mnYxKCCYCxkCqE45+nqlQINwezni1oAmK//Sg+2jhr3oPMcpFeBNWb5SfuHCwxKj0esBHjVJx/3POcu7rvP5oEoc+pdk46sqYCrokhdfWDz0TIBQxBnJ+IKwHuqqkqChAWlYvVbu/BycnHmCj root@ubuntu-xenial
-----END SSH HOST KEY KEYS-----
[   21.121992] cloud-init[1332]: Cloud-init v. 21.1-19-gbad84ad4-0ubuntu1~16.04.2 running 'modules:final' at Mon, 20 May 2024 10:45:15 +0000. Up 20.97 seconds.
[   21.122459] cloud-init[1332]: ci-info: no authorized SSH keys fingerprints found for user ubuntu.
[   21.122784] cloud-init[1332]: Cloud-init v. 21.1-19-gbad84ad4-0ubuntu1~16.04.2 finished at Mon, 20 May 2024 10:45:15 +0000. Datasource DataSourceNoCloud [seed=/dev/sdb][dsmode=net].  Up 21.11 seconds
